This file contains any messages produced by compilers while
running configure, to aid debugging if configure makes a mistake.

It was created by configure, which was
generated by GNU Autoconf 2.68.  Invocation command line was

  $ ./configure --enable-shared

## --------- ##
## Platform. ##
## --------- ##

hostname = gga-laptop1
uname -m = x86_64
uname -r = 3.2.0-38-generic
uname -s = Linux
uname -v = #61-Ubuntu SMP Tue Feb 19 12:18:21 UTC 2013

/usr/bin/uname -p = unknown
/bin/uname -X     = unknown

/bin/arch              = unknown
/usr/bin/arch -k       = unknown
/usr/convex/getsysinfo = unknown
/usr/bin/hostinfo      = unknown
/bin/machine           = unknown
/usr/bin/oslevel       = unknown
/bin/universe          = unknown

PATH: /home/gga/android-sdk-linux/tools
PATH: .
PATH: /home/gga/bin
PATH: /home/gga/bin
PATH: /usr/local/sbin
PATH: /usr/local/bin
PATH: /usr/sbin
PATH: /usr/bin
PATH: /sbin
PATH: /bin
PATH: /usr/games
PATH: /home/gga/mingw32/bin
PATH: /opt/bin
PATH: /media/Linux/code/applications/djv-0.8.2-pre19_linux-x64/usr/local/djv/bin


## ----------- ##
## Core tests. ##
## ----------- ##

configure:2668: checking for gcc
configure:2684: found /usr/bin/gcc
configure:2695: result: gcc
configure:2924: checking for C compiler version
configure:2933: gcc --version >&5
gcc (Ubuntu/Linaro 4.7.3-2ubuntu1~12.04) 4.7.3
Copyright (C) 2012 Free Software Foundation, Inc.
This is free software; see the source for copying conditions.  There is NO
warranty; not even for MERCHANTABILITY or FITNESS FOR A PARTICULAR PURPOSE.

configure:2944: $? = 0
configure:2933: gcc -v >&5
Using built-in specs.
COLLECT_GCC=gcc
COLLECT_LTO_WRAPPER=/usr/lib/gcc/x86_64-linux-gnu/4.7/lto-wrapper
Target: x86_64-linux-gnu
Configured with: ../src/configure -v --with-pkgversion='Ubuntu/Linaro 4.7.3-2ubuntu1~12.04' --with-bugurl=file:///usr/share/doc/gcc-4.7/README.Bugs --enable-languages=c,c++,go,fortran,objc,obj-c++ --prefix=/usr --program-suffix=-4.7 --enable-shared --enable-linker-build-id --libexecdir=/usr/lib --without-included-gettext --enable-threads=posix --with-gxx-include-dir=/usr/include/c++/4.7 --libdir=/usr/lib --enable-nls --with-sysroot=/ --enable-clocale=gnu --enable-libstdcxx-debug --enable-libstdcxx-time=yes --enable-gnu-unique-object --enable-plugin --with-system-zlib --enable-objc-gc --enable-multiarch --disable-werror --with-arch-32=i686 --with-abi=m64 --with-multilib-list=m32,m64 --with-tune=generic --enable-checking=release --build=x86_64-linux-gnu --host=x86_64-linux-gnu --target=x86_64-linux-gnu
Thread model: posix
gcc version 4.7.3 (Ubuntu/Linaro 4.7.3-2ubuntu1~12.04) 
configure:2944: $? = 0
configure:2933: gcc -V >&5
gcc: error: unrecognized command line option '-V'
gcc: fatal error: no input files
compilation terminated.
configure:2944: $? = 4
configure:2933: gcc -qversion >&5
gcc: error: unrecognized command line option '-qversion'
gcc: fatal error: no input files
compilation terminated.
configure:2944: $? = 4
configure:2964: checking whether the C compiler works
configure:2986: gcc    conftest.c  >&5
configure:2990: $? = 0
configure:3038: result: yes
configure:3041: checking for C compiler default output file name
configure:3043: result: a.out
configure:3049: checking for suffix of executables
configure:3056: gcc -o conftest    conftest.c  >&5
configure:3060: $? = 0
configure:3082: result: 
configure:3104: checking whether we are cross compiling
configure:3112: gcc -o conftest    conftest.c  >&5
configure:3116: $? = 0
configure:3123: ./conftest
configure:3127: $? = 0
configure:3142: result: no
configure:3147: checking for suffix of object files
configure:3169: gcc -c   conftest.c >&5
configure:3173: $? = 0
configure:3194: result: o
configure:3198: checking whether we are using the GNU C compiler
configure:3217: gcc -c   conftest.c >&5
configure:3217: $? = 0
configure:3226: result: yes
configure:3235: checking whether gcc accepts -g
configure:3255: gcc -c -g  conftest.c >&5
configure:3255: $? = 0
configure:3296: result: yes
configure:3313: checking for gcc option to accept ISO C89
configure:3377: gcc  -c   conftest.c >&5
configure:3377: $? = 0
configure:3390: result: none needed
configure:3468: checking for g++
configure:3484: found /usr/bin/g++
configure:3495: result: g++
configure:3522: checking for C++ compiler version
configure:3531: g++ --version >&5
g++-4.6.real (Ubuntu/Linaro 4.6.4-1ubuntu1~12.04) 4.6.4
Copyright (C) 2011 Free Software Foundation, Inc.
This is free software; see the source for copying conditions.  There is NO
warranty; not even for MERCHANTABILITY or FITNESS FOR A PARTICULAR PURPOSE.

configure:3542: $? = 0
configure:3531: g++ -v >&5
Using built-in specs.
COLLECT_GCC=/usr/bin/g++-4.6.real
COLLECT_LTO_WRAPPER=/usr/lib/gcc/x86_64-linux-gnu/4.6/lto-wrapper
Target: x86_64-linux-gnu
Configured with: ../src/configure -v --with-pkgversion='Ubuntu/Linaro 4.6.4-1ubuntu1~12.04' --with-bugurl=file:///usr/share/doc/gcc-4.6/README.Bugs --enable-languages=c,c++,fortran,objc,obj-c++ --prefix=/usr --program-suffix=-4.6 --enable-shared --enable-linker-build-id --with-system-zlib --libexecdir=/usr/lib --without-included-gettext --enable-threads=posix --with-gxx-include-dir=/usr/include/c++/4.6 --libdir=/usr/lib --enable-nls --with-sysroot=/ --enable-clocale=gnu --enable-libstdcxx-debug --enable-libstdcxx-time=yes --enable-gnu-unique-object --enable-plugin --enable-objc-gc --disable-werror --with-arch-32=i686 --with-tune=generic --enable-checking=release --build=x86_64-linux-gnu --host=x86_64-linux-gnu --target=x86_64-linux-gnu
Thread model: posix
gcc version 4.6.4 (Ubuntu/Linaro 4.6.4-1ubuntu1~12.04) 
configure:3542: $? = 0
configure:3531: g++ -V >&5
g++-4.6.real: error: unrecognized option '-V'
g++-4.6.real: fatal error: no input files
compilation terminated.
configure:3542: $? = 4
configure:3531: g++ -qversion >&5
g++-4.6.real: error: unrecognized option '-qversion'
g++-4.6.real: fatal error: no input files
compilation terminated.
configure:3542: $? = 4
configure:3546: checking whether we are using the GNU C++ compiler
configure:3565: g++ -c   conftest.cpp >&5
configure:3565: $? = 0
configure:3574: result: yes
configure:3583: checking whether g++ accepts -g
configure:3603: g++ -c -g  conftest.cpp >&5
configure:3603: $? = 0
configure:3644: result: yes
configure:3669: checking for nroff
configure:3687: found /usr/bin/nroff
configure:3699: result: /usr/bin/nroff
configure:3756: checking for htmldoc
configure:3789: result: no
configure:3838: checking for ranlib
configure:3854: found /usr/bin/ranlib
configure:3865: result: ranlib
configure:3889: checking for ar
configure:3907: found /usr/bin/ar
configure:3919: result: /usr/bin/ar
configure:3949: checking how to run the C preprocessor
configure:3980: gcc -E  conftest.c
configure:3980: $? = 0
configure:3994: gcc -E  conftest.c
conftest.c:9:28: fatal error: ac_nonexistent.h: No such file or directory
compilation terminated.
configure:3994: $? = 1
configure: failed program was:
| /* confdefs.h */
| #define PACKAGE_NAME ""
| #define PACKAGE_TARNAME ""
| #define PACKAGE_VERSION ""
| #define PACKAGE_STRING ""
| #define PACKAGE_BUGREPORT ""
| #define PACKAGE_URL ""
| /* end confdefs.h.  */
| #include <ac_nonexistent.h>
configure:4019: result: gcc -E
configure:4039: gcc -E  conftest.c
configure:4039: $? = 0
configure:4053: gcc -E  conftest.c
conftest.c:9:28: fatal error: ac_nonexistent.h: No such file or directory
compilation terminated.
configure:4053: $? = 1
configure: failed program was:
| /* confdefs.h */
| #define PACKAGE_NAME ""
| #define PACKAGE_TARNAME ""
| #define PACKAGE_VERSION ""
| #define PACKAGE_STRING ""
| #define PACKAGE_BUGREPORT ""
| #define PACKAGE_URL ""
| /* end confdefs.h.  */
| #include <ac_nonexistent.h>
configure:4082: checking for grep that handles long lines and -e
configure:4140: result: /bin/grep
configure:4145: checking for egrep
configure:4207: result: /bin/grep -E
configure:4212: checking for ANSI C header files
configure:4232: gcc -c   conftest.c >&5
configure:4232: $? = 0
configure:4305: gcc -o conftest    conftest.c  >&5
configure:4305: $? = 0
configure:4305: ./conftest
configure:4305: $? = 0
configure:4316: result: yes
configure:4329: checking for sys/types.h
configure:4329: gcc -c   conftest.c >&5
configure:4329: $? = 0
configure:4329: result: yes
configure:4329: checking for sys/stat.h
configure:4329: gcc -c   conftest.c >&5
configure:4329: $? = 0
configure:4329: result: yes
configure:4329: checking for stdlib.h
configure:4329: gcc -c   conftest.c >&5
configure:4329: $? = 0
configure:4329: result: yes
configure:4329: checking for string.h
configure:4329: gcc -c   conftest.c >&5
configure:4329: $? = 0
configure:4329: result: yes
configure:4329: checking for memory.h
configure:4329: gcc -c   conftest.c >&5
configure:4329: $? = 0
configure:4329: result: yes
configure:4329: checking for strings.h
configure:4329: gcc -c   conftest.c >&5
configure:4329: $? = 0
configure:4329: result: yes
configure:4329: checking for inttypes.h
configure:4329: gcc -c   conftest.c >&5
configure:4329: $? = 0
configure:4329: result: yes
configure:4329: checking for stdint.h
configure:4329: gcc -c   conftest.c >&5
configure:4329: $? = 0
configure:4329: result: yes
configure:4329: checking for unistd.h
configure:4329: gcc -c   conftest.c >&5
configure:4329: $? = 0
configure:4329: result: yes
configure:4341: checking whether byte ordering is bigendian
configure:4356: gcc -c   conftest.c >&5
conftest.c:20:9: error: unknown type name 'not'
conftest.c:20:15: error: expected '=', ',', ';', 'asm' or '__attribute__' before 'universal'
conftest.c:20:15: error: unknown type name 'universal'
configure:4356: $? = 1
configure: failed program was:
| /* confdefs.h */
| #define PACKAGE_NAME ""
| #define PACKAGE_TARNAME ""
| #define PACKAGE_VERSION ""
| #define PACKAGE_STRING ""
| #define PACKAGE_BUGREPORT ""
| #define PACKAGE_URL ""
| #define STDC_HEADERS 1
| #define HAVE_SYS_TYPES_H 1
| #define HAVE_SYS_STAT_H 1
| #define HAVE_STDLIB_H 1
| #define HAVE_STRING_H 1
| #define HAVE_MEMORY_H 1
| #define HAVE_STRINGS_H 1
| #define HAVE_INTTYPES_H 1
| #define HAVE_STDINT_H 1
| #define HAVE_UNISTD_H 1
| /* end confdefs.h.  */
| #ifndef __APPLE_CC__
| 	       not a universal capable compiler
| 	     #endif
| 	     typedef int dummy;
| 
configure:4401: gcc -c   conftest.c >&5
configure:4401: $? = 0
configure:4419: gcc -c   conftest.c >&5
conftest.c: In function 'main':
conftest.c:26:4: error: unknown type name 'not'
conftest.c:26:12: error: expected '=', ',', ';', 'asm' or '__attribute__' before 'endian'
configure:4419: $? = 1
configure: failed program was:
| /* confdefs.h */
| #define PACKAGE_NAME ""
| #define PACKAGE_TARNAME ""
| #define PACKAGE_VERSION ""
| #define PACKAGE_STRING ""
| #define PACKAGE_BUGREPORT ""
| #define PACKAGE_URL ""
| #define STDC_HEADERS 1
| #define HAVE_SYS_TYPES_H 1
| #define HAVE_SYS_STAT_H 1
| #define HAVE_STDLIB_H 1
| #define HAVE_STRING_H 1
| #define HAVE_MEMORY_H 1
| #define HAVE_STRINGS_H 1
| #define HAVE_INTTYPES_H 1
| #define HAVE_STDINT_H 1
| #define HAVE_UNISTD_H 1
| /* end confdefs.h.  */
| #include <sys/types.h>
| 		#include <sys/param.h>
| 
| int
| main ()
| {
| #if BYTE_ORDER != BIG_ENDIAN
| 		 not big endian
| 		#endif
| 
|   ;
|   return 0;
| }
configure:4547: result: no
configure:4570: checking size of short
configure:4575: gcc -o conftest    conftest.c  >&5
configure:4575: $? = 0
configure:4575: ./conftest
configure:4575: $? = 0
configure:4589: result: 2
configure:4603: checking size of int
configure:4608: gcc -o conftest    conftest.c  >&5
configure:4608: $? = 0
configure:4608: ./conftest
configure:4608: $? = 0
configure:4622: result: 4
configure:4636: checking size of long
configure:4641: gcc -o conftest    conftest.c  >&5
configure:4641: $? = 0
configure:4641: ./conftest
configure:4641: $? = 0
configure:4655: result: 8
configure:4692: checking whether the compiler recognizes bool as a built-in type
configure:4723: g++ -c   conftest.cpp >&5
configure:4723: $? = 0
configure:4737: result: yes
configure:4747: checking for dirent.h that defines DIR
configure:4766: gcc -c   conftest.c >&5
configure:4766: $? = 0
configure:4774: result: yes
configure:4787: checking for library containing opendir
configure:4818: gcc -o conftest    conftest.c  >&5
configure:4818: $? = 0
configure:4835: result: none required
configure:4902: checking sys/select.h usability
configure:4902: gcc -c   conftest.c >&5
configure:4902: $? = 0
configure:4902: result: yes
configure:4902: checking sys/select.h presence
configure:4902: gcc -E  conftest.c
configure:4902: $? = 0
configure:4902: result: yes
configure:4902: checking for sys/select.h
configure:4902: result: yes
configure:4909: checking sys/stdtypes.h usability
configure:4909: gcc -c   conftest.c >&5
conftest.c:60:26: fatal error: sys/stdtypes.h: No such file or directory
compilation terminated.
configure:4909: $? = 1
configure: failed program was:
| /* confdefs.h */
| #define PACKAGE_NAME ""
| #define PACKAGE_TARNAME ""
| #define PACKAGE_VERSION ""
| #define PACKAGE_STRING ""
| #define PACKAGE_BUGREPORT ""
| #define PACKAGE_URL ""
| #define STDC_HEADERS 1
| #define HAVE_SYS_TYPES_H 1
| #define HAVE_SYS_STAT_H 1
| #define HAVE_STDLIB_H 1
| #define HAVE_STRING_H 1
| #define HAVE_MEMORY_H 1
| #define HAVE_STRINGS_H 1
| #define HAVE_INTTYPES_H 1
| #define HAVE_STDINT_H 1
| #define HAVE_UNISTD_H 1
| #define SIZEOF_SHORT 2
| #define SIZEOF_INT 4
| #define SIZEOF_LONG 8
| #define U16 unsigned short
| #define U32 unsigned
| #define U64 unsigned long
| #define HAVE_DIRENT_H 1
| #define HAVE_SYS_SELECT_H 1
| /* end confdefs.h.  */
| #include <stdio.h>
| #ifdef HAVE_SYS_TYPES_H
| # include <sys/types.h>
| #endif
| #ifdef HAVE_SYS_STAT_H
| # include <sys/stat.h>
| #endif
| #ifdef STDC_HEADERS
| # include <stdlib.h>
| # include <stddef.h>
| #else
| # ifdef HAVE_STDLIB_H
| #  include <stdlib.h>
| # endif
| #endif
| #ifdef HAVE_STRING_H
| # if !defined STDC_HEADERS && defined HAVE_MEMORY_H
| #  include <memory.h>
| # endif
| # include <string.h>
| #endif
| #ifdef HAVE_STRINGS_H
| # include <strings.h>
| #endif
| #ifdef HAVE_INTTYPES_H
| # include <inttypes.h>
| #endif
| #ifdef HAVE_STDINT_H
| # include <stdint.h>
| #endif
| #ifdef HAVE_UNISTD_H
| # include <unistd.h>
| #endif
| #include <sys/stdtypes.h>
configure:4909: result: no
configure:4909: checking sys/stdtypes.h presence
configure:4909: gcc -E  conftest.c
conftest.c:27:26: fatal error: sys/stdtypes.h: No such file or directory
compilation terminated.
configure:4909: $? = 1
configure: failed program was:
| /* confdefs.h */
| #define PACKAGE_NAME ""
| #define PACKAGE_TARNAME ""
| #define PACKAGE_VERSION ""
| #define PACKAGE_STRING ""
| #define PACKAGE_BUGREPORT ""
| #define PACKAGE_URL ""
| #define STDC_HEADERS 1
| #define HAVE_SYS_TYPES_H 1
| #define HAVE_SYS_STAT_H 1
| #define HAVE_STDLIB_H 1
| #define HAVE_STRING_H 1
| #define HAVE_MEMORY_H 1
| #define HAVE_STRINGS_H 1
| #define HAVE_INTTYPES_H 1
| #define HAVE_STDINT_H 1
| #define HAVE_UNISTD_H 1
| #define SIZEOF_SHORT 2
| #define SIZEOF_INT 4
| #define SIZEOF_LONG 8
| #define U16 unsigned short
| #define U32 unsigned
| #define U64 unsigned long
| #define HAVE_DIRENT_H 1
| #define HAVE_SYS_SELECT_H 1
| /* end confdefs.h.  */
| #include <sys/stdtypes.h>
configure:4909: result: no
configure:4909: checking for sys/stdtypes.h
configure:4909: result: no
configure:4917: checking whether we have the POSIX compatible scandir() prototype
configure:4947: g++ -c   conftest.cpp >&5
configure:4947: $? = 0
configure:4961: result: yes
configure:4969: checking for scandir
configure:4969: gcc -o conftest    conftest.c  >&5
configure:4969: $? = 0
configure:4969: result: yes
configure:4982: checking for string.h
configure:4982: result: yes
configure:4989: checking for strings.h
configure:4989: result: yes
configure:4997: checking for snprintf
configure:4997: gcc -o conftest    conftest.c  >&5
conftest.c:54:6: warning: conflicting types for built-in function 'snprintf' [enabled by default]
configure:4997: $? = 0
configure:4997: result: yes
configure:5033: checking for vsnprintf
configure:5033: gcc -o conftest    conftest.c  >&5
conftest.c:55:6: warning: conflicting types for built-in function 'vsnprintf' [enabled by default]
configure:5033: $? = 0
configure:5033: result: yes
configure:5069: checking for strcasecmp
configure:5069: gcc -o conftest    conftest.c  >&5
conftest.c:56:6: warning: conflicting types for built-in function 'strcasecmp' [enabled by default]
configure:5069: $? = 0
configure:5069: result: yes
configure:5085: checking for strdup
configure:5085: gcc -o conftest    conftest.c  >&5
conftest.c:57:6: warning: conflicting types for built-in function 'strdup' [enabled by default]
configure:5085: $? = 0
configure:5085: result: yes
configure:5091: checking for strncasecmp
configure:5091: gcc -o conftest    conftest.c  >&5
conftest.c:58:6: warning: conflicting types for built-in function 'strncasecmp' [enabled by default]
configure:5091: $? = 0
configure:5091: result: yes
configure:5107: checking for strlcat
configure:5107: gcc -o conftest    conftest.c  >&5
/tmp/cccSRDK7.o: In function `main':
conftest.c:(.text+0xa): undefined reference to `strlcat'
collect2: error: ld returned 1 exit status
configure:5107: $? = 1
configure: failed program was:
| /* confdefs.h */
| #define PACKAGE_NAME ""
| #define PACKAGE_TARNAME ""
| #define PACKAGE_VERSION ""
| #define PACKAGE_STRING ""
| #define PACKAGE_BUGREPORT ""
| #define PACKAGE_URL ""
| #define STDC_HEADERS 1
| #define HAVE_SYS_TYPES_H 1
| #define HAVE_SYS_STAT_H 1
| #define HAVE_STDLIB_H 1
| #define HAVE_STRING_H 1
| #define HAVE_MEMORY_H 1
| #define HAVE_STRINGS_H 1
| #define HAVE_INTTYPES_H 1
| #define HAVE_STDINT_H 1
| #define HAVE_UNISTD_H 1
| #define SIZEOF_SHORT 2
| #define SIZEOF_INT 4
| #define SIZEOF_LONG 8
| #define U16 unsigned short
| #define U32 unsigned
| #define U64 unsigned long
| #define HAVE_DIRENT_H 1
| #define HAVE_SYS_SELECT_H 1
| #define HAVE_SCANDIR_POSIX 1
| #define HAVE_SCANDIR 1
| #define HAVE_STRING_H 1
| #define HAVE_STRINGS_H 1
| #define HAVE_SNPRINTF 1
| #define HAVE_VSNPRINTF 1
| #define HAVE_STRCASECMP 1
| #define HAVE_STRDUP 1
| #define HAVE_STRNCASECMP 1
| /* end confdefs.h.  */
| /* Define strlcat to an innocuous variant, in case <limits.h> declares strlcat.
|    For example, HP-UX 11i <limits.h> declares gettimeofday.  */
| #define strlcat innocuous_strlcat
| 
| /* System header to define __stub macros and hopefully few prototypes,
|     which can conflict with char strlcat (); below.
|     Prefer <limits.h> to <assert.h> if __STDC__ is defined, since
|     <limits.h> exists even on freestanding compilers.  */
| 
| #ifdef __STDC__
| # include <limits.h>
| #else
| # include <assert.h>
| #endif
| 
| #undef strlcat
| 
| /* Override any GCC internal prototype to avoid an error.
|    Use char because int might match the return type of a GCC
|    builtin and then its argument prototype would still apply.  */
| #ifdef __cplusplus
| extern "C"
| #endif
| char strlcat ();
| /* The GNU C library defines this for functions which it implements
|     to always fail with ENOSYS.  Some functions are actually named
|     something starting with __ and the normal name is an alias.  */
| #if defined __stub_strlcat || defined __stub___strlcat
| choke me
| #endif
| 
| int
| main ()
| {
| return strlcat ();
|   ;
|   return 0;
| }
configure:5107: result: no
configure:5113: checking for strlcpy
configure:5113: gcc -o conftest    conftest.c  >&5
/tmp/cckAhz6i.o: In function `main':
conftest.c:(.text+0xa): undefined reference to `strlcpy'
collect2: error: ld returned 1 exit status
configure:5113: $? = 1
configure: failed program was:
| /* confdefs.h */
| #define PACKAGE_NAME ""
| #define PACKAGE_TARNAME ""
| #define PACKAGE_VERSION ""
| #define PACKAGE_STRING ""
| #define PACKAGE_BUGREPORT ""
| #define PACKAGE_URL ""
| #define STDC_HEADERS 1
| #define HAVE_SYS_TYPES_H 1
| #define HAVE_SYS_STAT_H 1
| #define HAVE_STDLIB_H 1
| #define HAVE_STRING_H 1
| #define HAVE_MEMORY_H 1
| #define HAVE_STRINGS_H 1
| #define HAVE_INTTYPES_H 1
| #define HAVE_STDINT_H 1
| #define HAVE_UNISTD_H 1
| #define SIZEOF_SHORT 2
| #define SIZEOF_INT 4
| #define SIZEOF_LONG 8
| #define U16 unsigned short
| #define U32 unsigned
| #define U64 unsigned long
| #define HAVE_DIRENT_H 1
| #define HAVE_SYS_SELECT_H 1
| #define HAVE_SCANDIR_POSIX 1
| #define HAVE_SCANDIR 1
| #define HAVE_STRING_H 1
| #define HAVE_STRINGS_H 1
| #define HAVE_SNPRINTF 1
| #define HAVE_VSNPRINTF 1
| #define HAVE_STRCASECMP 1
| #define HAVE_STRDUP 1
| #define HAVE_STRNCASECMP 1
| /* end confdefs.h.  */
| /* Define strlcpy to an innocuous variant, in case <limits.h> declares strlcpy.
|    For example, HP-UX 11i <limits.h> declares gettimeofday.  */
| #define strlcpy innocuous_strlcpy
| 
| /* System header to define __stub macros and hopefully few prototypes,
|     which can conflict with char strlcpy (); below.
|     Prefer <limits.h> to <assert.h> if __STDC__ is defined, since
|     <limits.h> exists even on freestanding compilers.  */
| 
| #ifdef __STDC__
| # include <limits.h>
| #else
| # include <assert.h>
| #endif
| 
| #undef strlcpy
| 
| /* Override any GCC internal prototype to avoid an error.
|    Use char because int might match the return type of a GCC
|    builtin and then its argument prototype would still apply.  */
| #ifdef __cplusplus
| extern "C"
| #endif
| char strlcpy ();
| /* The GNU C library defines this for functions which it implements
|     to always fail with ENOSYS.  Some functions are actually named
|     something starting with __ and the normal name is an alias.  */
| #if defined __stub_strlcpy || defined __stub___strlcpy
| choke me
| #endif
| 
| int
| main ()
| {
| return strlcpy ();
|   ;
|   return 0;
| }
configure:5113: result: no
configure:5120: checking for library containing pow
configure:5151: gcc -o conftest    conftest.c  >&5
conftest.c:43:6: warning: conflicting types for built-in function 'pow' [enabled by default]
/tmp/ccSt4wjq.o: In function `main':
conftest.c:(.text+0xa): undefined reference to `pow'
collect2: error: ld returned 1 exit status
configure:5151: $? = 1
configure: failed program was:
| /* confdefs.h */
| #define PACKAGE_NAME ""
| #define PACKAGE_TARNAME ""
| #define PACKAGE_VERSION ""
| #define PACKAGE_STRING ""
| #define PACKAGE_BUGREPORT ""
| #define PACKAGE_URL ""
| #define STDC_HEADERS 1
| #define HAVE_SYS_TYPES_H 1
| #define HAVE_SYS_STAT_H 1
| #define HAVE_STDLIB_H 1
| #define HAVE_STRING_H 1
| #define HAVE_MEMORY_H 1
| #define HAVE_STRINGS_H 1
| #define HAVE_INTTYPES_H 1
| #define HAVE_STDINT_H 1
| #define HAVE_UNISTD_H 1
| #define SIZEOF_SHORT 2
| #define SIZEOF_INT 4
| #define SIZEOF_LONG 8
| #define U16 unsigned short
| #define U32 unsigned
| #define U64 unsigned long
| #define HAVE_DIRENT_H 1
| #define HAVE_SYS_SELECT_H 1
| #define HAVE_SCANDIR_POSIX 1
| #define HAVE_SCANDIR 1
| #define HAVE_STRING_H 1
| #define HAVE_STRINGS_H 1
| #define HAVE_SNPRINTF 1
| #define HAVE_VSNPRINTF 1
| #define HAVE_STRCASECMP 1
| #define HAVE_STRDUP 1
| #define HAVE_STRNCASECMP 1
| /* end confdefs.h.  */
| 
| /* Override any GCC internal prototype to avoid an error.
|    Use char because int might match the return type of a GCC
|    builtin and then its argument prototype would still apply.  */
| #ifdef __cplusplus
| extern "C"
| #endif
| char pow ();
| int
| main ()
| {
| return pow ();
|   ;
|   return 0;
| }
configure:5151: gcc -o conftest    conftest.c -lm   >&5
conftest.c:43:6: warning: conflicting types for built-in function 'pow' [enabled by default]
configure:5151: $? = 0
configure:5168: result: -lm
configure:5187: checking jpeglib.h usability
configure:5187: gcc -c   conftest.c >&5
configure:5187: $? = 0
configure:5187: result: yes
configure:5187: checking jpeglib.h presence
configure:5187: gcc -E  conftest.c
configure:5187: $? = 0
configure:5187: result: yes
configure:5187: checking for jpeglib.h
configure:5187: result: yes
configure:5190: checking for jpeg_destroy_decompress in -ljpeg
configure:5215: gcc -o conftest    conftest.c -ljpeg  -lm  >&5
configure:5215: $? = 0
configure:5224: result: yes
configure:5257: checking zlib.h usability
configure:5257: gcc -c   conftest.c >&5
configure:5257: $? = 0
configure:5257: result: yes
configure:5257: checking zlib.h presence
configure:5257: gcc -E  conftest.c
configure:5257: $? = 0
configure:5257: result: yes
configure:5257: checking for zlib.h
configure:5257: result: yes
configure:5260: checking for gzopen in -lz
configure:5285: gcc -o conftest    conftest.c -lz  -lm  >&5
configure:5285: $? = 0
configure:5294: result: yes
configure:5328: checking png.h usability
configure:5328: gcc -c   conftest.c >&5
configure:5328: $? = 0
configure:5328: result: yes
configure:5328: checking png.h presence
configure:5328: gcc -E  conftest.c
configure:5328: $? = 0
configure:5328: result: yes
configure:5328: checking for png.h
configure:5328: result: yes
configure:5335: checking libpng/png.h usability
configure:5335: gcc -c   conftest.c >&5
configure:5335: $? = 0
configure:5335: result: yes
configure:5335: checking libpng/png.h presence
configure:5335: gcc -E  conftest.c
configure:5335: $? = 0
configure:5335: result: yes
configure:5335: checking for libpng/png.h
configure:5335: result: yes
configure:5343: checking for png_read_rows in -lpng
configure:5368: gcc -o conftest    conftest.c -lpng  -lm  -lz >&5
configure:5368: $? = 0
configure:5377: result: yes
configure:5389: checking for png_get_valid
configure:5389: gcc -o conftest    conftest.c -lpng -lm  -lz >&5
configure:5389: $? = 0
configure:5389: result: yes
configure:5389: checking for png_set_tRNS_to_alpha
configure:5389: gcc -o conftest    conftest.c -lpng -lm  -lz >&5
configure:5389: $? = 0
configure:5389: result: yes
configure:5425: checking pthread.h usability
configure:5425: gcc -c   conftest.c >&5
configure:5425: $? = 0
configure:5425: result: yes
configure:5425: checking pthread.h presence
configure:5425: gcc -E  conftest.c
configure:5425: $? = 0
configure:5425: result: yes
configure:5425: checking for pthread.h
configure:5425: result: yes
configure:5432: checking for pthread_create in -lpthread
configure:5457: gcc -o conftest    conftest.c -lpthread  -lm  >&5
configure:5457: $? = 0
configure:5466: result: yes
configure:5607: checking for X
configure:5715: gcc -E  conftest.c
configure:5715: $? = 0
configure:5746: gcc -o conftest    conftest.c -lX11 -lpthread -lm  >&5
configure:5746: $? = 0
configure:5796: result: libraries , headers 
configure:5895: gcc -o conftest    conftest.c -lpthread -lm   -lX11 >&5
configure:5895: $? = 0
configure:5993: checking for gethostbyname
configure:5993: gcc -o conftest    conftest.c -lpthread -lm  >&5
configure:5993: $? = 0
configure:5993: result: yes
configure:6090: checking for connect
configure:6090: gcc -o conftest    conftest.c -lpthread -lm  >&5
configure:6090: $? = 0
configure:6090: result: yes
configure:6139: checking for remove
configure:6139: gcc -o conftest    conftest.c -lpthread -lm  >&5
configure:6139: $? = 0
configure:6139: result: yes
configure:6188: checking for shmat
configure:6188: gcc -o conftest    conftest.c -lpthread -lm  >&5
configure:6188: $? = 0
configure:6188: result: yes
configure:6246: checking for IceConnectionNumber in -lICE
configure:6271: gcc -o conftest    conftest.c -lICE  -lpthread -lm  >&5
configure:6271: $? = 0
configure:6280: result: yes
configure:6296: WARNING: Ignoring libraries " -lSM -lICE" requested by configure.
configure:6312: checking for library containing dlopen
configure:6343: gcc -o conftest     conftest.c -lpthread -lm  -lXext  >&5
/tmp/ccit5LKx.o: In function `main':
conftest.c:(.text+0xa): undefined reference to `dlopen'
collect2: error: ld returned 1 exit status
configure:6343: $? = 1
configure: failed program was:
| /* confdefs.h */
| #define PACKAGE_NAME ""
| #define PACKAGE_TARNAME ""
| #define PACKAGE_VERSION ""
| #define PACKAGE_STRING ""
| #define PACKAGE_BUGREPORT ""
| #define PACKAGE_URL ""
| #define STDC_HEADERS 1
| #define HAVE_SYS_TYPES_H 1
| #define HAVE_SYS_STAT_H 1
| #define HAVE_STDLIB_H 1
| #define HAVE_STRING_H 1
| #define HAVE_MEMORY_H 1
| #define HAVE_STRINGS_H 1
| #define HAVE_INTTYPES_H 1
| #define HAVE_STDINT_H 1
| #define HAVE_UNISTD_H 1
| #define SIZEOF_SHORT 2
| #define SIZEOF_INT 4
| #define SIZEOF_LONG 8
| #define U16 unsigned short
| #define U32 unsigned
| #define U64 unsigned long
| #define HAVE_DIRENT_H 1
| #define HAVE_SYS_SELECT_H 1
| #define HAVE_SCANDIR_POSIX 1
| #define HAVE_SCANDIR 1
| #define HAVE_STRING_H 1
| #define HAVE_STRINGS_H 1
| #define HAVE_SNPRINTF 1
| #define HAVE_VSNPRINTF 1
| #define HAVE_STRCASECMP 1
| #define HAVE_STRDUP 1
| #define HAVE_STRNCASECMP 1
| #define HAVE_LIBJPEG 1
| #define HAVE_LIBZ 1
| #define HAVE_PNG_H 1
| #define HAVE_LIBPNG_PNG_H 1
| #define HAVE_LIBPNG 1
| #define HAVE_PNG_GET_VALID 1
| #define HAVE_PNG_SET_TRNS_TO_ALPHA 1
| #define HAVE_PTHREAD_H 1
| #define HAVE_LIBPTHREAD 1
| #define HAVE_PTHREAD 1
| /* end confdefs.h.  */
| 
| /* Override any GCC internal prototype to avoid an error.
|    Use char because int might match the return type of a GCC
|    builtin and then its argument prototype would still apply.  */
| #ifdef __cplusplus
| extern "C"
| #endif
| char dlopen ();
| int
| main ()
| {
| return dlopen ();
|   ;
|   return 0;
| }
configure:6343: gcc -o conftest     conftest.c -ldl  -lpthread -lm  -lXext  >&5
configure:6343: $? = 0
configure:6360: result: -ldl
configure:6368: checking GL/gl.h usability
configure:6368: gcc -c   conftest.c >&5
configure:6368: $? = 0
configure:6368: result: yes
configure:6368: checking GL/gl.h presence
configure:6368: gcc -E  conftest.c
configure:6368: $? = 0
configure:6368: result: yes
configure:6368: checking for GL/gl.h
configure:6368: result: yes
configure:6371: checking for glXMakeCurrent in -lGL
configure:6396: gcc -o conftest     conftest.c -lGL -lm -ldl -lpthread -lm  -lXext  >&5
configure:6396: $? = 0
configure:6405: result: yes
configure:6462: checking GL/glu.h usability
configure:6462: gcc -c   conftest.c >&5
configure:6462: $? = 0
configure:6462: result: yes
configure:6462: checking GL/glu.h presence
configure:6462: gcc -E  conftest.c
configure:6462: $? = 0
configure:6462: result: yes
configure:6462: checking for GL/glu.h
configure:6462: result: yes
configure:6520: checking for freetype-config
configure:6538: found /usr/bin/freetype-config
configure:6550: result: /usr/bin/freetype-config
configure:6562: checking X11/Xft/Xft.h usability
configure:6562: gcc -c  -I/usr/include/freetype2  conftest.c >&5
configure:6562: $? = 0
configure:6562: result: yes
configure:6562: checking X11/Xft/Xft.h presence
configure:6562: gcc -E -I/usr/include/freetype2  -I/usr/include/freetype2 conftest.c
configure:6562: $? = 0
configure:6562: result: yes
configure:6562: checking for X11/Xft/Xft.h
configure:6562: result: yes
configure:6564: checking for XftDrawCreate in -lXft
configure:6589: gcc -o conftest  -I/usr/include/freetype2    conftest.c -lXft  -ldl -lpthread -lm  -lXext  >&5
configure:6589: $? = 0
configure:6598: result: yes
configure:6613: checking X11/Xcursor/XcursorSSS.h usability
configure:6613: gcc -c  -I/usr/include/freetype2  conftest.c >&5
conftest.c:82:36: fatal error: X11/Xcursor/XcursorSSS.h: No such file or directory
compilation terminated.
configure:6613: $? = 1
configure: failed program was:
| /* confdefs.h */
| #define PACKAGE_NAME ""
| #define PACKAGE_TARNAME ""
| #define PACKAGE_VERSION ""
| #define PACKAGE_STRING ""
| #define PACKAGE_BUGREPORT ""
| #define PACKAGE_URL ""
| #define STDC_HEADERS 1
| #define HAVE_SYS_TYPES_H 1
| #define HAVE_SYS_STAT_H 1
| #define HAVE_STDLIB_H 1
| #define HAVE_STRING_H 1
| #define HAVE_MEMORY_H 1
| #define HAVE_STRINGS_H 1
| #define HAVE_INTTYPES_H 1
| #define HAVE_STDINT_H 1
| #define HAVE_UNISTD_H 1
| #define SIZEOF_SHORT 2
| #define SIZEOF_INT 4
| #define SIZEOF_LONG 8
| #define U16 unsigned short
| #define U32 unsigned
| #define U64 unsigned long
| #define HAVE_DIRENT_H 1
| #define HAVE_SYS_SELECT_H 1
| #define HAVE_SCANDIR_POSIX 1
| #define HAVE_SCANDIR 1
| #define HAVE_STRING_H 1
| #define HAVE_STRINGS_H 1
| #define HAVE_SNPRINTF 1
| #define HAVE_VSNPRINTF 1
| #define HAVE_STRCASECMP 1
| #define HAVE_STRDUP 1
| #define HAVE_STRNCASECMP 1
| #define HAVE_LIBJPEG 1
| #define HAVE_LIBZ 1
| #define HAVE_PNG_H 1
| #define HAVE_LIBPNG_PNG_H 1
| #define HAVE_LIBPNG 1
| #define HAVE_PNG_GET_VALID 1
| #define HAVE_PNG_SET_TRNS_TO_ALPHA 1
| #define HAVE_PTHREAD_H 1
| #define HAVE_LIBPTHREAD 1
| #define HAVE_PTHREAD 1
| #define HAVE_GL 1
| #define HAVE_GL_GLU_H 1
| #define USE_XFT 1
| /* end confdefs.h.  */
| #include <stdio.h>
| #ifdef HAVE_SYS_TYPES_H
| # include <sys/types.h>
| #endif
| #ifdef HAVE_SYS_STAT_H
| # include <sys/stat.h>
| #endif
| #ifdef STDC_HEADERS
| # include <stdlib.h>
| # include <stddef.h>
| #else
| # ifdef HAVE_STDLIB_H
| #  include <stdlib.h>
| # endif
| #endif
| #ifdef HAVE_STRING_H
| # if !defined STDC_HEADERS && defined HAVE_MEMORY_H
| #  include <memory.h>
| # endif
| # include <string.h>
| #endif
| #ifdef HAVE_STRINGS_H
| # include <strings.h>
| #endif
| #ifdef HAVE_INTTYPES_H
| # include <inttypes.h>
| #endif
| #ifdef HAVE_STDINT_H
| # include <stdint.h>
| #endif
| #ifdef HAVE_UNISTD_H
| # include <unistd.h>
| #endif
| #include <X11/Xcursor/XcursorSSS.h>
configure:6613: result: no
configure:6613: checking X11/Xcursor/XcursorSSS.h presence
configure:6613: gcc -E -I/usr/include/freetype2  -I/usr/include/freetype2 conftest.c
conftest.c:49:36: fatal error: X11/Xcursor/XcursorSSS.h: No such file or directory
compilation terminated.
configure:6613: $? = 1
configure: failed program was:
| /* confdefs.h */
| #define PACKAGE_NAME ""
| #define PACKAGE_TARNAME ""
| #define PACKAGE_VERSION ""
| #define PACKAGE_STRING ""
| #define PACKAGE_BUGREPORT ""
| #define PACKAGE_URL ""
| #define STDC_HEADERS 1
| #define HAVE_SYS_TYPES_H 1
| #define HAVE_SYS_STAT_H 1
| #define HAVE_STDLIB_H 1
| #define HAVE_STRING_H 1
| #define HAVE_MEMORY_H 1
| #define HAVE_STRINGS_H 1
| #define HAVE_INTTYPES_H 1
| #define HAVE_STDINT_H 1
| #define HAVE_UNISTD_H 1
| #define SIZEOF_SHORT 2
| #define SIZEOF_INT 4
| #define SIZEOF_LONG 8
| #define U16 unsigned short
| #define U32 unsigned
| #define U64 unsigned long
| #define HAVE_DIRENT_H 1
| #define HAVE_SYS_SELECT_H 1
| #define HAVE_SCANDIR_POSIX 1
| #define HAVE_SCANDIR 1
| #define HAVE_STRING_H 1
| #define HAVE_STRINGS_H 1
| #define HAVE_SNPRINTF 1
| #define HAVE_VSNPRINTF 1
| #define HAVE_STRCASECMP 1
| #define HAVE_STRDUP 1
| #define HAVE_STRNCASECMP 1
| #define HAVE_LIBJPEG 1
| #define HAVE_LIBZ 1
| #define HAVE_PNG_H 1
| #define HAVE_LIBPNG_PNG_H 1
| #define HAVE_LIBPNG 1
| #define HAVE_PNG_GET_VALID 1
| #define HAVE_PNG_SET_TRNS_TO_ALPHA 1
| #define HAVE_PTHREAD_H 1
| #define HAVE_LIBPTHREAD 1
| #define HAVE_PTHREAD 1
| #define HAVE_GL 1
| #define HAVE_GL_GLU_H 1
| #define USE_XFT 1
| /* end confdefs.h.  */
| #include <X11/Xcursor/XcursorSSS.h>
configure:6613: result: no
configure:6613: checking for X11/Xcursor/XcursorSSS.h
configure:6613: result: no
configure:6686: checking for X11/extensions/Xdbe.h
configure:6686: gcc -c  -I/usr/include/freetype2  conftest.c >&5
configure:6686: $? = 0
configure:6686: result: yes
configure:6702: checking for X11/extensions/Xinerama.h
configure:6702: gcc -c  -I/usr/include/freetype2  conftest.c >&5
configure:6702: $? = 0
configure:6702: result: yes
configure:6715: checking for X overlay visuals
configure:6726: result: no
configure:6734: checking for Xutf8LookupString in -lX11
configure:6759: gcc -o conftest  -I/usr/include/freetype2    conftest.c -lX11  -lXi -lXinerama -lXft -ldl -lpthread -lm  -lXext  >&5
configure:6759: $? = 0
configure:6768: result: yes
configure:6921: checking if libsupc++ is required
configure:6939: result: yes
configure:7339: creating ./config.status

## ---------------------- ##
## Running config.status. ##
## ---------------------- ##

This file was extended by config.status, which was
generated by GNU Autoconf 2.68.  Invocation command line was

  CONFIG_FILES    = 
  CONFIG_HEADERS  = 
  CONFIG_LINKS    = 
  CONFIG_COMMANDS = 
  $ ./config.status 

on gga-laptop1

config.status:899: creating makeinclude
config.status:998: WARNING:  'makeinclude.in' seems to ignore the --datarootdir setting
config.status:899: creating fltk.list
config.status:998: WARNING:  'fltk.list.in' seems to ignore the --datarootdir setting
config.status:899: creating fltk2-config
config.status:899: creating config.h
config.status:1069: config.h is unchanged

## ---------------- ##
## Cache variables. ##
## ---------------- ##

ac_cv_c_bigendian=no
ac_cv_c_compiler_gnu=yes
ac_cv_cxx_bool=yes
ac_cv_cxx_compiler_gnu=yes
ac_cv_cxx_scandir_posix=yes
ac_cv_env_CCC_set=
ac_cv_env_CCC_value=
ac_cv_env_CC_set=
ac_cv_env_CC_value=
ac_cv_env_CFLAGS_set=
ac_cv_env_CFLAGS_value=
ac_cv_env_CPPFLAGS_set=
ac_cv_env_CPPFLAGS_value=
ac_cv_env_CPP_set=
ac_cv_env_CPP_value=
ac_cv_env_CXXFLAGS_set=
ac_cv_env_CXXFLAGS_value=
ac_cv_env_CXX_set=
ac_cv_env_CXX_value=
ac_cv_env_LDFLAGS_set=
ac_cv_env_LDFLAGS_value=
ac_cv_env_LIBS_set=
ac_cv_env_LIBS_value=
ac_cv_env_XMKMF_set=
ac_cv_env_XMKMF_value=
ac_cv_env_build_alias_set=
ac_cv_env_build_alias_value=
ac_cv_env_host_alias_set=
ac_cv_env_host_alias_value=
ac_cv_env_target_alias_set=
ac_cv_env_target_alias_value=
ac_cv_func_connect=yes
ac_cv_func_gethostbyname=yes
ac_cv_func_png_get_valid=yes
ac_cv_func_png_set_tRNS_to_alpha=yes
ac_cv_func_remove=yes
ac_cv_func_scandir=yes
ac_cv_func_shmat=yes
ac_cv_func_snprintf=yes
ac_cv_func_strcasecmp=yes
ac_cv_func_strdup=yes
ac_cv_func_strlcat=no
ac_cv_func_strlcpy=no
ac_cv_func_strncasecmp=yes
ac_cv_func_vsnprintf=yes
ac_cv_have_overlay=no
ac_cv_have_x='have_x=yes	ac_x_includes='\'''\''	ac_x_libraries='\'''\'''
ac_cv_header_GL_gl_h=yes
ac_cv_header_GL_glu_h=yes
ac_cv_header_X11_Xcursor_XcursorSSS_h=no
ac_cv_header_X11_Xft_Xft_h=yes
ac_cv_header_X11_extensions_Xdbe_h=yes
ac_cv_header_X11_extensions_Xinerama_h=yes
ac_cv_header_dirent_dirent_h=yes
ac_cv_header_inttypes_h=yes
ac_cv_header_jpeglib_h=yes
ac_cv_header_libpng_png_h=yes
ac_cv_header_memory_h=yes
ac_cv_header_png_h=yes
ac_cv_header_pthread_h=yes
ac_cv_header_stdc=yes
ac_cv_header_stdint_h=yes
ac_cv_header_stdlib_h=yes
ac_cv_header_string_h=yes
ac_cv_header_strings_h=yes
ac_cv_header_sys_select_h=yes
ac_cv_header_sys_stat_h=yes
ac_cv_header_sys_stdtypes_h=no
ac_cv_header_sys_types_h=yes
ac_cv_header_unistd_h=yes
ac_cv_header_zlib_h=yes
ac_cv_lib_GL_glXMakeCurrent=yes
ac_cv_lib_ICE_IceConnectionNumber=yes
ac_cv_lib_X11_Xutf8LookupString=yes
ac_cv_lib_Xft_XftDrawCreate=yes
ac_cv_lib_jpeg_jpeg_destroy_decompress=yes
ac_cv_lib_png_png_read_rows=yes
ac_cv_lib_pthread_pthread_create=yes
ac_cv_lib_z_gzopen=yes
ac_cv_objext=o
ac_cv_path_AR=/usr/bin/ar
ac_cv_path_EGREP='/bin/grep -E'
ac_cv_path_FTCONFIG=/usr/bin/freetype-config
ac_cv_path_GREP=/bin/grep
ac_cv_path_NROFF=/usr/bin/nroff
ac_cv_prog_CPP='gcc -E'
ac_cv_prog_ac_ct_CC=gcc
ac_cv_prog_ac_ct_CXX=g++
ac_cv_prog_ac_ct_RANLIB=ranlib
ac_cv_prog_cc_c89=
ac_cv_prog_cc_g=yes
ac_cv_prog_cxx_g=yes
ac_cv_search_dlopen=-ldl
ac_cv_search_opendir='none required'
ac_cv_search_pow=-lm
ac_cv_sizeof_int=4
ac_cv_sizeof_long=8
ac_cv_sizeof_short=2

## ----------------- ##
## Output variables. ##
## ----------------- ##

AR='/usr/bin/ar'
BUILDTARGETS='shared programs'
CAT1EXT='1'
CAT3EXT='3'
CC='gcc'
CFLAGS=''
CPP='gcc -E'
CPPFLAGS='-I/usr/include/freetype2 '
CXX='gcc'
CXXFLAGS='-I/usr/include/freetype2  -Wno-non-virtual-dtor'
DEFS='-DHAVE_CONFIG_H'
DSOCOMMAND='$(CXX) -Wl,-soname,$(DSONAME) $(LDLIBS) -shared -fPIC  -o'
DSOLINK='-Wl,-rpath,${exec_prefix}/lib'
DSOPREFIX='lib'
DSOSUFFIX='.so.2.0'
DSOSYMLINK='.so'
DSOTARGET='shared'
ECHO_C=''
ECHO_N='-n'
ECHO_T=''
EGREP='/bin/grep -E'
EXEEXT=''
FLUID='fluid2-shared'
FL_API_VERSION='2.0'
FL_MAJOR_VERSION='2'
FL_MINOR_VERSION='0'
FL_PATCH_VERSION='0'
FL_RELEASE_VERSION='a0'
FTCONFIG='/usr/bin/freetype-config'
GLDEMOS='gldemos'
GLLIB='-lGLU -lGL'
GREP='/bin/grep'
GROFF=''
HLINKS=''
HTMLDOC=''
IMAGELIBS='-lpng -lfltk2_images -ljpeg -lz'
INSTALLTARGETS='install_shared install_programs'
LDFLAGS=' '
LIBCOMMAND='/usr/bin/ar cr'
LIBOBJS=''
LIBPREFIX='lib'
LIBS='-lX11 -lXi -lXinerama -lXft -ldl -lpthread -lm  -lXext  -lsupc++'
LIBSUFFIX='.a'
LIBTARGET='static'
LINKFLTK='-lfltk2'
LINKFLTKGL='-lfltk2_gl'
LINKFLTKIMG='-lfltk2_images'
LINKSHARED='-L../images -lfltk2_images -L../src -lfltk2'
LOCAL_IMAGELIBS=''
LOCAL_IMAGETARGETS=''
LTLIBOBJS=''
MAKEDEPEND='$(CXX) -MM -DMAKEDEPEND'
NROFF='/usr/bin/nroff'
OBJEXT='o'
OPTIM=' -O2 -Wall -Wunused  -fPIC'
PACKAGE_BUGREPORT=''
PACKAGE_NAME=''
PACKAGE_STRING=''
PACKAGE_TARNAME=''
PACKAGE_URL=''
PACKAGE_VERSION=''
PATH_SEPARATOR=':'
POSTBUILD=':'
RANLIB='ranlib'
SHAREDSUFFIX=''
SHELL='/bin/bash'
THEMECOMMAND='${CXX} -shared  -o'
THREADS='threads'
XMKMF=''
X_CFLAGS=''
X_EXTRA_LIBS=''
X_LIBS=''
X_PRE_LIBS=' -lSM -lICE'
ZLIBINC=''
ac_ct_CC='gcc'
ac_ct_CXX='g++'
bindir='${exec_prefix}/bin'
build_alias=''
datadir='${datarootdir}'
datarootdir='${prefix}/share'
docdir='${datarootdir}/doc/${PACKAGE}'
dvidir='${docdir}'
exec_prefix='${prefix}'
host_alias=''
htmldir='${docdir}'
includedir='${prefix}/include'
infodir='${datarootdir}/info'
libdir='${exec_prefix}/lib'
libexecdir='${exec_prefix}/libexec'
localedir='${datarootdir}/locale'
localstatedir='${prefix}/var'
mandir='${datarootdir}/man'
oldincludedir='/usr/include'
pdfdir='${docdir}'
prefix='/usr/local'
program_transform_name='s,x,x,'
psdir='${docdir}'
sbindir='${exec_prefix}/sbin'
sharedstatedir='${prefix}/com'
sysconfdir='${prefix}/etc'
target_alias=''

## ----------- ##
## confdefs.h. ##
## ----------- ##

/* confdefs.h */
#define PACKAGE_NAME ""
#define PACKAGE_TARNAME ""
#define PACKAGE_VERSION ""
#define PACKAGE_STRING ""
#define PACKAGE_BUGREPORT ""
#define PACKAGE_URL ""
#define STDC_HEADERS 1
#define HAVE_SYS_TYPES_H 1
#define HAVE_SYS_STAT_H 1
#define HAVE_STDLIB_H 1
#define HAVE_STRING_H 1
#define HAVE_MEMORY_H 1
#define HAVE_STRINGS_H 1
#define HAVE_INTTYPES_H 1
#define HAVE_STDINT_H 1
#define HAVE_UNISTD_H 1
#define SIZEOF_SHORT 2
#define SIZEOF_INT 4
#define SIZEOF_LONG 8
#define U16 unsigned short
#define U32 unsigned
#define U64 unsigned long
#define HAVE_DIRENT_H 1
#define HAVE_SYS_SELECT_H 1
#define HAVE_SCANDIR_POSIX 1
#define HAVE_SCANDIR 1
#define HAVE_STRING_H 1
#define HAVE_STRINGS_H 1
#define HAVE_SNPRINTF 1
#define HAVE_VSNPRINTF 1
#define HAVE_STRCASECMP 1
#define HAVE_STRDUP 1
#define HAVE_STRNCASECMP 1
#define HAVE_LIBJPEG 1
#define HAVE_LIBZ 1
#define HAVE_PNG_H 1
#define HAVE_LIBPNG_PNG_H 1
#define HAVE_LIBPNG 1
#define HAVE_PNG_GET_VALID 1
#define HAVE_PNG_SET_TRNS_TO_ALPHA 1
#define HAVE_PTHREAD_H 1
#define HAVE_LIBPTHREAD 1
#define HAVE_PTHREAD 1
#define HAVE_GL 1
#define HAVE_GL_GLU_H 1
#define USE_XFT 1
#define HAVE_XDBE 1
#define USE_XINERAMA 1
#define HAVE_LIBX11 1
#define HAVE_EXCEPTIONS 1
#define HAVE_RTTI 1
#define FLTK_DOCDIR "/usr/local/share/doc/fltk"
#define FLTK_DATADIR "/usr/local/share/fltk"

configure: exit 0
